<?xml version="1.0" encoding="UTF-8"?>
<!-- Generated by org.testng.reporters.JUnitReportReporter -->
<testsuite hostname="HMECL003023" name="testcases.Amazon" tests="1" failures="0" timestamp="29 Jul 2020 08:03:10 GMT" time="11.755" errors="0">
  <testcase name="Google" time="11.755" classname="testcases.Amazon"/>
</testsuite> <!-- testcases.Amazon -->
