<?xml version="1.0" encoding="UTF-8"?>
<!-- Generated by org.testng.reporters.JUnitReportReporter -->
<testsuite hostname="HMECL003023" name="testcases.HRMSLogin" tests="3" failures="0" timestamp="29 Jul 2020 08:03:10 GMT" time="16.125" errors="0">
  <testcase name="LaunchApp" time="6.759" classname="testcases.HRMSLogin"/>
  <testcase name="login" time="6.006" classname="testcases.HRMSLogin"/>
  <testcase name="logout" time="3.360" classname="testcases.HRMSLogin"/>
</testsuite> <!-- testcases.HRMSLogin -->
